======================================================================
DISTRIBUTED ENGRAMMICS -- prototype  (20 seeds, mean +/- std)
======================================================================

[gradient check] relative error vs finite differences: 5.77e-10  (OK)

--- Conatus: learning to inscribe (recall vs load) --------------
 N assoc. |             init |          trained
        8 |          99.7%  |         100.0%
       16 |          97.6%  |          99.9%
       24 |          92.1%  |          99.1%
       32 |          84.6%  |          97.2%

--- C1  Persistence ---------------------------------------------
recall before/after save-load: 100% / 100%   (max diff on F: 0.0e+00)

--- C2  Gradient-free transfer (controlled regime) --------------
A holds X; B already holds Y; B integrates a rank-r delta.
 rank r | cost (floats) |      recall X in B
      1 |           112 |      22.5 +/-  8.5
      2 |           224 |      50.6 +/- 11.5
      4 |           448 |      90.0 +/-  9.4
      8 |           896 |     100.0 +/-  0.0
Y preserved (at rank 4): 100.0 +/-  0.0 %
Raw replay reference: 768 floats. Gain only if the skill is compressible (here rank <= 4).

--- C3  Targeted forgetting (fast substrate) --------------------
signal of X after projection:  0.00 +/- 0.00 (collapses toward 0)
retention of Y (~disjoint subspaces): 100.0 +/-  0.0 %

--- C4  Governance (consent = admitted subspace) ----------------
engram inside the admitted subspace: 100.0 +/-  0.0 %
engram outside the admitted subspace:   9.4 +/-  9.6 %

--- Heterogeneous agents  Wk_A != Wk_B --------------------------
same key space (upper bound)        : 100.0 +/-  0.0 %
naive transfer (no alignment)       :  12.5 +/- 14.3 %   <- the delta is meaningless
with learned alignment (128 anchors): 100.0 +/-  0.0 %

--- Sensitivity to the integration factor alpha (rank 4) -------
alpha=0.25 : X in B  65.6 +/- 17.6 %   |  Y preserved 100.0 +/-  0.0 %
alpha= 0.5 : X in B  81.2 +/- 11.5 %   |  Y preserved 100.0 +/-  0.0 %
alpha= 1.0 : X in B  90.0 +/-  9.4 %   |  Y preserved 100.0 +/-  0.0 %
alpha= 1.5 : X in B  91.9 +/-  8.2 %   |  Y preserved 100.0 +/-  0.0 %
alpha= 2.0 : X in B  91.9 +/-  8.2 %   |  Y preserved 100.0 +/-  0.0 %

--- Forgetting vs subspace overlap (retention of Y) -------------
overlap= 0.0 : retention Y 100.0 +/-  0.0 %
overlap=0.25 : retention Y 100.0 +/-  0.0 %
overlap= 0.5 : retention Y 100.0 +/-  0.0 %
overlap=0.75 : retention Y 100.0 +/-  0.0 %
overlap= 1.0 : retention Y  16.9 +/- 14.9 %

--- Robustness to noise on the transmitted engram (rank 8) ------
sigma= 0.0 : recall X 100.0 +/-  0.0 %
sigma=0.05 : recall X 100.0 +/-  0.0 %
sigma= 0.1 : recall X 100.0 +/-  0.0 %
sigma= 0.2 : recall X 100.0 +/-  0.0 %
sigma= 0.4 : recall X 100.0 +/-  0.0 %

======================================================================
