========================================================================
 DISTRIBUTED ENGRAMMICS -- scientific test   backend=lm   seeds=30
========================================================================
  seed 1/30 done
  seed 2/30 done
  seed 3/30 done
  seed 4/30 done
  seed 5/30 done
  seed 6/30 done
  seed 7/30 done
  seed 8/30 done
  seed 9/30 done
  seed 10/30 done
  seed 11/30 done
  seed 12/30 done
  seed 13/30 done
  seed 14/30 done
  seed 15/30 done
  seed 16/30 done
  seed 17/30 done
  seed 18/30 done
  seed 19/30 done
  seed 20/30 done
  seed 21/30 done
  seed 22/30 done
  seed 23/30 done
  seed 24/30 done
  seed 25/30 done
  seed 26/30 done
  seed 27/30 done
  seed 28/30 done
  seed 29/30 done
  seed 30/30 done
[dump] per-seed accuracies -> results/perseed_lm_1.3B.csv

========================================================================
 CONDITION MEANS  (95% bootstrap CI)        chance = 10.0%
========================================================================
  clean        100.0%   [100.0, 100.0]
  notransfer     7.3%   [  3.3,  11.3]
  random         2.7%   [  0.7,   5.3]
  r1             7.3%   [  4.0,  10.7]
  r2             7.3%   [  3.3,  11.3]
  r4            14.7%   [  9.3,  20.0]
  r8            44.0%   [ 36.0,  52.0]
  r16           68.7%   [ 61.3,  75.3]
  full          68.7%   [ 61.3,  75.3]
  Y_before     100.0%   [100.0, 100.0]
  Y_after       74.0%   [ 68.0,  80.0]
  joint_X       50.7%   [ 44.7,  56.7]
  joint_Y       92.7%   [ 88.0,  96.7]
  forget_X       2.0%   [  0.0,   4.0]
  forget_Y      21.3%   [ 14.7,  28.7]
  admit         69.3%   [ 62.7,  76.0]
  deny           7.3%   [  3.3,  11.3]

========================================================================
 HYPOTHESIS TESTS  (paired bootstrap, 95% CI, Holm-corrected primary)
========================================================================
  test                         Δ mean              95% CI       p  verdict
  H1a full>no-transfer          61.3% [  55.3,  67.3]   0.000  SUPPORTED (Holm ok)
  H1b full>random               66.0% [  59.3,  72.7]   0.000  SUPPORTED (Holm ok)
  H4 admit>deny                 62.0% [  56.0,  68.0]   0.000  SUPPORTED (Holm ok)
  H5 r_max>r_min                61.3% [  55.3,  67.3]   0.000  SUPPORTED (Holm ok)
  H2 Y preserved (equiv)       -26.0% [ -32.0, -20.0]   1.000  NOT SUPPORTED
  H3 forget X (drop)            48.7% [  42.0,  55.3]   0.000  SUPPORTED
  H3 forget X (keep Y)         -71.3% [ -80.0, -62.0]   1.000  NOT SUPPORTED

========================================================================
 THEORY (H1): SUPPORTED -- transfer beats both controls and chance.
 Secondary: H2=NOT SUPPORTED  H3=NOT SUPPORTED  H4=SUPPORTED (Holm ok)  H5=monotone/SUPPORTED (Holm ok)
========================================================================
